mode: set
github.com/siyopao/ipcheck/update_blocklist.go:13.39,14.45 1 0
github.com/siyopao/ipcheck/update_blocklist.go:18.2,18.42 1 0
github.com/siyopao/ipcheck/update_blocklist.go:22.2,22.47 1 0
github.com/siyopao/ipcheck/update_blocklist.go:26.2,26.61 1 0
github.com/siyopao/ipcheck/update_blocklist.go:30.2,31.12 2 0
github.com/siyopao/ipcheck/update_blocklist.go:14.45,16.3 1 0
github.com/siyopao/ipcheck/update_blocklist.go:18.42,20.3 1 0
github.com/siyopao/ipcheck/update_blocklist.go:22.47,24.3 1 0
github.com/siyopao/ipcheck/update_blocklist.go:26.61,28.3 1 0
github.com/siyopao/ipcheck/update_blocklist.go:34.33,35.48 1 0
github.com/siyopao/ipcheck/update_blocklist.go:39.2,39.102 1 0
github.com/siyopao/ipcheck/update_blocklist.go:43.2,45.12 2 0
github.com/siyopao/ipcheck/update_blocklist.go:35.48,37.3 1 0
github.com/siyopao/ipcheck/update_blocklist.go:39.102,41.3 1 0
github.com/siyopao/ipcheck/update_blocklist.go:48.31,49.42 1 1
github.com/siyopao/ipcheck/update_blocklist.go:53.2,53.47 1 1
github.com/siyopao/ipcheck/update_blocklist.go:57.2,57.61 1 1
github.com/siyopao/ipcheck/update_blocklist.go:61.2,62.12 2 1
github.com/siyopao/ipcheck/update_blocklist.go:49.42,51.3 1 0
github.com/siyopao/ipcheck/update_blocklist.go:53.47,55.3 1 0
github.com/siyopao/ipcheck/update_blocklist.go:57.61,59.3 1 0
github.com/siyopao/ipcheck/main.go:25.13,38.35 6 0
github.com/siyopao/ipcheck/main.go:43.2,46.29 3 0
github.com/siyopao/ipcheck/main.go:38.35,39.52 1 0
github.com/siyopao/ipcheck/main.go:39.52,41.4 1 0
github.com/siyopao/ipcheck/main.go:49.42,50.40 1 0
github.com/siyopao/ipcheck/main.go:54.2,75.93 16 0
github.com/siyopao/ipcheck/main.go:50.40,52.3 1 0
github.com/siyopao/ipcheck/main.go:78.40,79.16 1 1
github.com/siyopao/ipcheck/main.go:79.16,81.3 1 0
github.com/siyopao/ipcheck/main.go:84.35,85.9 1 0
github.com/siyopao/ipcheck/main.go:85.9,87.3 1 0
github.com/siyopao/ipcheck/router.go:21.46,28.43 4 1
github.com/siyopao/ipcheck/router.go:35.2,35.10 1 1
github.com/siyopao/ipcheck/router.go:28.43,29.52 1 0
github.com/siyopao/ipcheck/router.go:32.3,32.26 1 0
github.com/siyopao/ipcheck/router.go:29.52,31.4 1 0
github.com/siyopao/ipcheck/router.go:38.34,41.22 2 1
github.com/siyopao/ipcheck/router.go:41.22,43.3 1 0
github.com/siyopao/ipcheck/router.go:43.8,47.17 3 1
github.com/siyopao/ipcheck/router.go:47.17,50.4 2 0
github.com/siyopao/ipcheck/router.go:50.9,50.30 1 1
github.com/siyopao/ipcheck/router.go:50.30,53.4 2 1
github.com/siyopao/ipcheck/router.go:53.9,56.4 2 1
github.com/siyopao/ipcheck/router.go:60.66,62.39 2 1
github.com/siyopao/ipcheck/router.go:65.2,65.12 1 1
github.com/siyopao/ipcheck/router.go:62.39,64.3 1 1
github.com/siyopao/ipcheck/storage.go:33.32,49.2 11 1
github.com/siyopao/ipcheck/storage.go:51.67,53.16 2 1
github.com/siyopao/ipcheck/storage.go:59.2,60.16 2 1
github.com/siyopao/ipcheck/storage.go:63.2,68.18 5 1
github.com/siyopao/ipcheck/storage.go:75.2,75.25 1 1
github.com/siyopao/ipcheck/storage.go:79.2,79.17 1 1
github.com/siyopao/ipcheck/storage.go:53.16,55.3 1 1
github.com/siyopao/ipcheck/storage.go:55.8,57.3 1 0
github.com/siyopao/ipcheck/storage.go:60.16,62.3 1 0
github.com/siyopao/ipcheck/storage.go:68.18,69.63 1 1
github.com/siyopao/ipcheck/storage.go:72.3,72.71 1 1
github.com/siyopao/ipcheck/storage.go:69.63,71.4 1 0
github.com/siyopao/ipcheck/storage.go:75.25,77.3 1 1
github.com/siyopao/ipcheck/storage.go:82.30,85.73 2 1
github.com/siyopao/ipcheck/storage.go:89.2,89.136 1 1
github.com/siyopao/ipcheck/storage.go:93.2,93.12 1 1
github.com/siyopao/ipcheck/storage.go:85.73,87.3 1 0
github.com/siyopao/ipcheck/storage.go:89.136,91.3 1 0
github.com/siyopao/ipcheck/storage.go:96.35,99.31 2 1
github.com/siyopao/ipcheck/storage.go:127.2,127.124 1 1
github.com/siyopao/ipcheck/storage.go:131.2,131.12 1 1
github.com/siyopao/ipcheck/storage.go:99.31,102.17 3 1
github.com/siyopao/ipcheck/storage.go:105.3,111.22 5 1
github.com/siyopao/ipcheck/storage.go:102.17,104.4 1 0
github.com/siyopao/ipcheck/storage.go:111.22,114.34 2 1
github.com/siyopao/ipcheck/storage.go:114.34,116.19 2 1
github.com/siyopao/ipcheck/storage.go:116.19,118.6 1 0
github.com/siyopao/ipcheck/storage.go:119.10,120.51 1 1
github.com/siyopao/ipcheck/storage.go:120.51,122.6 1 1
github.com/siyopao/ipcheck/storage.go:127.124,129.3 1 0
github.com/siyopao/ipcheck/storage.go:134.49,138.16 3 1
github.com/siyopao/ipcheck/storage.go:142.2,142.73 1 1
github.com/siyopao/ipcheck/storage.go:146.2,146.79 1 1
github.com/siyopao/ipcheck/storage.go:150.2,150.38 1 1
github.com/siyopao/ipcheck/storage.go:154.2,154.12 1 1
github.com/siyopao/ipcheck/storage.go:138.16,140.3 1 0
github.com/siyopao/ipcheck/storage.go:142.73,144.3 1 0
github.com/siyopao/ipcheck/storage.go:146.79,148.3 1 0
github.com/siyopao/ipcheck/storage.go:150.38,152.3 1 0
